0 info it worked if it ends with ok
1 verbose cli [ 'node', '/usr/local/bin/npm', 'install', 'etc/env' ]
2 info using npm@2.7.0
3 info using node@v0.12.0
4 warn package.json greyscale@0.0.0 No description
5 warn package.json greyscale@0.0.0 No repository field.
6 warn package.json greyscale@0.0.0 No README data
7 warn package.json sys@0.0.1 No repository field.
8 warn package.json sys@0.0.1 No README data
9 silly cache add args [ 'etc/env', null ]
10 verbose cache add spec etc/env
11 silly cache add parsed spec { raw: 'etc/env',
11 silly cache add   scope: null,
11 silly cache add   name: null,
11 silly cache add   rawSpec: 'etc/env',
11 silly cache add   spec: 'etc/env',
11 silly cache add   type: 'github' }
12 info maybeGithub Attempting etc/env from git://github.com/etc/env
13 verbose addRemoteGit u="git://github.com/etc/env" silent=true
14 silly addRemoteGit normalized { url: 'git://github.com/etc/env', branch: 'master' }
15 silly addRemoteGit v git-github-com-etc-env-9c313631
16 verbose addRemoteGit /Users/johnhull/.npm/_git-remotes/git-github-com-etc-env-9c313631 not in flight; cloning
17 info git [ 'clone',
17 info git   '--template=/Users/johnhull/.npm/_git-remotes/_templates',
17 info git   '--mirror',
17 info git   'git://github.com/etc/env',
17 info git   '/Users/johnhull/.npm/_git-remotes/git-github-com-etc-env-9c313631' ]
18 error git clone --template=/Users/johnhull/.npm/_git-remotes/_templates --mirror git://github.com/etc/env /Users/johnhull/.npm/_git-remotes/git-github-com-etc-env-9c313631
19 verbose git clone git://github.com/etc/env Cloning into bare repository '/Users/johnhull/.npm/_git-remotes/git-github-com-etc-env-9c313631'...
19 verbose git clone git://github.com/etc/env fatal: remote error:
19 verbose git clone git://github.com/etc/env   Repository not found.
20 info maybeGithub Attempting etc/env from ssh://git@github.com:etc/env
21 verbose addRemoteGit u="ssh://git@github.com:etc/env" silent=false
22 silly addRemoteGit normalized { url: 'ssh://git@github.com/etc/env', branch: 'master' }
23 silly addRemoteGit v ssh-git-github-com-etc-env-a6755b03
24 verbose addRemoteGit /Users/johnhull/.npm/_git-remotes/ssh-git-github-com-etc-env-a6755b03 not in flight; cloning
25 info git [ 'clone',
25 info git   '--template=/Users/johnhull/.npm/_git-remotes/_templates',
25 info git   '--mirror',
25 info git   'ssh://git@github.com/etc/env',
25 info git   '/Users/johnhull/.npm/_git-remotes/ssh-git-github-com-etc-env-a6755b03' ]
26 error git clone --template=/Users/johnhull/.npm/_git-remotes/_templates --mirror ssh://git@github.com/etc/env /Users/johnhull/.npm/_git-remotes/ssh-git-github-com-etc-env-a6755b03
27 error git clone ssh://git@github.com/etc/env Cloning into bare repository '/Users/johnhull/.npm/_git-remotes/ssh-git-github-com-etc-env-a6755b03'...
27 error git clone ssh://git@github.com/etc/env ERROR: Repository not found.
27 error git clone ssh://git@github.com/etc/env fatal: Could not read from remote repository.
27 error git clone ssh://git@github.com/etc/env
27 error git clone ssh://git@github.com/etc/env Please make sure you have the correct access rights
27 error git clone ssh://git@github.com/etc/env and the repository exists.
28 verbose stack Error: Command failed: git clone --template=/Users/johnhull/.npm/_git-remotes/_templates --mirror ssh://git@github.com/etc/env /Users/johnhull/.npm/_git-remotes/ssh-git-github-com-etc-env-a6755b03
28 verbose stack Cloning into bare repository '/Users/johnhull/.npm/_git-remotes/ssh-git-github-com-etc-env-a6755b03'...
28 verbose stack ERROR: Repository not found.
28 verbose stack fatal: Could not read from remote repository.
28 verbose stack
28 verbose stack Please make sure you have the correct access rights
28 verbose stack and the repository exists.
28 verbose stack
28 verbose stack     at ChildProcess.exithandler (child_process.js:744:12)
28 verbose stack     at ChildProcess.emit (events.js:110:17)
28 verbose stack     at maybeClose (child_process.js:1008:16)
28 verbose stack     at Socket.<anonymous> (child_process.js:1176:11)
28 verbose stack     at Socket.emit (events.js:107:17)
28 verbose stack     at Pipe.close (net.js:476:12)
29 verbose cwd /Users/johnhull/Sites/greyscale
30 error Darwin 14.0.0
31 error argv "node" "/usr/local/bin/npm" "install" "etc/env"
32 error node v0.12.0
33 error npm  v2.7.0
34 error code 128
35 error Command failed: git clone --template=/Users/johnhull/.npm/_git-remotes/_templates --mirror ssh://git@github.com/etc/env /Users/johnhull/.npm/_git-remotes/ssh-git-github-com-etc-env-a6755b03
35 error Cloning into bare repository '/Users/johnhull/.npm/_git-remotes/ssh-git-github-com-etc-env-a6755b03'...
35 error ERROR: Repository not found.
35 error fatal: Could not read from remote repository.
35 error
35 error Please make sure you have the correct access rights
35 error and the repository exists.
36 error If you need help, you may report this error at:
36 error     <http://github.com/npm/npm/issues>
37 verbose exit [ 1, true ]
